# JRE version: OpenJDK Runtime Environment (21.0.8) (build 21.0.8+-14196175-b1038.72)
# Java VM: OpenJDK 64-Bit Server VM (21.0.8+-14196175-b1038.72, mixed mode, tiered, compressed oops, compressed class ptrs, g1 gc, windows-amd64)
GC Precious Log:
 CardTable entry size: 512
 Card Set container configuration: InlinePtr #cards 5 size 8 Array Of Cards #cards 12 size 40 Howl #buckets 4 coarsen threshold 1843 Howl Bitmap #cards 512 size 80 coarsen threshold 460 Card regions per heap region 1 cards per card region 2048
 CPUs: 12 total, 12 available
 Memory: 7381M
 Large Page Support: Disabled
 NUMA Support: Disabled
 Compressed Oops: Enabled (32-bit)
 Heap Region Size: 1M
 Heap Min Capacity: 8M
 Heap Initial Capacity: 116M
 Heap Max Capacity: 1536M
 Pre-touch: Disabled
 Parallel Workers: 10
 Concurrent Workers: 3
 Concurrent Refinement Workers: 10
 Periodic GC: Disabled
Heap:
 garbage-first heap   total 86016K, used 54811K [0x00000000a0000000, 0x0000000100000000)
  region size 1024K, 25 young (25600K), 4 survivors (4096K)
 Metaspace       used 51635K, committed 52928K, reserved 393216K
  class space    used 7147K, committed 7744K, reserved 327680K
GC Heap History (20 events):
Event: 1.176 GC heap before
{Heap before GC invocations=1 (full 0):
 garbage-first heap   total 118784K, used 39552K [0x00000000a0000000, 0x0000000100000000)
  region size 1024K, 37 young (37888K), 2 survivors (2048K)
 Metaspace       used 12317K, committed 12480K, reserved 393216K
  class space    used 1345K, committed 1408K, reserved 327680K
}
Event: 1.184 GC heap after
{Heap after GC invocations=2 (full 0):
 garbage-first heap   total 118784K, used 10723K [0x00000000a0000000, 0x0000000100000000)
  region size 1024K, 5 young (5120K), 5 survivors (5120K)
 Metaspace       used 12317K, committed 12480K, reserved 393216K
  class space    used 1345K, committed 1408K, reserved 327680K
}
Event: 2.129 GC heap before
{Heap before GC invocations=2 (full 0):
 garbage-first heap   total 118784K, used 70115K [0x00000000a0000000, 0x0000000100000000)
  region size 1024K, 61 young (62464K), 5 survivors (5120K)
 Metaspace       used 15911K, committed 16192K, reserved 393216K
  class space    used 1838K, committed 1984K, reserved 327680K
}
Event: 2.138 GC heap after
{Heap after GC invocations=3 (full 0):
 garbage-first heap   total 118784K, used 18356K [0x00000000a0000000, 0x0000000100000000)
  region size 1024K, 7 young (7168K), 7 survivors (7168K)
 Metaspace       used 15911K, committed 16192K, reserved 393216K
  class space    used 1838K, committed 1984K, reserved 327680K
}
Event: 2.715 GC heap before
{Heap before GC invocations=3 (full 0):
 garbage-first heap   total 118784K, used 38836K [0x00000000a0000000, 0x0000000100000000)
  region size 1024K, 28 young (28672K), 7 survivors (7168K)
 Metaspace       used 21239K, committed 21504K, reserved 393216K
  class space    used 2545K, committed 2688K, reserved 327680K
}
Event: 2.720 GC heap after
{Heap after GC invocations=4 (full 0):
 garbage-first heap   total 118784K, used 20356K [0x00000000a0000000, 0x0000000100000000)
  region size 1024K, 3 young (3072K), 3 survivors (3072K)
 Metaspace       used 21239K, committed 21504K, reserved 393216K
  class space    used 2545K, committed 2688K, reserved 327680K
}
Event: 3.825 GC heap before
{Heap before GC invocations=5 (full 0):
 garbage-first heap   total 71680K, used 59268K [0x00000000a0000000, 0x0000000100000000)
  region size 1024K, 42 young (43008K), 3 survivors (3072K)
 Metaspace       used 28002K, committed 28416K, reserved 393216K
  class space    used 3604K, committed 3776K, reserved 327680K
}
Event: 3.829 GC heap after
{Heap after GC invocations=6 (full 0):
 garbage-first heap   total 71680K, used 22284K [0x00000000a0000000, 0x0000000100000000)
  region size 1024K, 5 young (5120K), 5 survivors (5120K)
 Metaspace       used 28002K, committed 28416K, reserved 393216K
  class space    used 3604K, committed 3776K, reserved 327680K
}
Event: 4.841 GC heap before
{Heap before GC invocations=6 (full 0):
 garbage-first heap   total 71680K, used 56076K [0x00000000a0000000, 0x0000000100000000)
  region size 1024K, 38 young (38912K), 5 survivors (5120K)
 Metaspace       used 32393K, committed 33088K, reserved 393216K
  class space    used 4385K, committed 4736K, reserved 327680K
}
Event: 4.848 GC heap after
{Heap after GC invocations=7 (full 0):
 garbage-first heap   total 71680K, used 24769K [0x00000000a0000000, 0x0000000100000000)
  region size 1024K, 5 young (5120K), 5 survivors (5120K)
 Metaspace       used 32393K, committed 33088K, reserved 393216K
  class space    used 4385K, committed 4736K, reserved 327680K
}
Event: 5.213 GC heap before
{Heap before GC invocations=7 (full 0):
 garbage-first heap   total 71680K, used 43201K [0x00000000a0000000, 0x0000000100000000)
  region size 1024K, 24 young (24576K), 5 survivors (5120K)
 Metaspace       used 35276K, committed 35968K, reserved 393216K
  class space    used 4856K, committed 5184K, reserved 327680K
}
Event: 5.217 GC heap after
{Heap after GC invocations=8 (full 0):
 garbage-first heap   total 71680K, used 25807K [0x00000000a0000000, 0x0000000100000000)
  region size 1024K, 2 young (2048K), 2 survivors (2048K)
 Metaspace       used 35276K, committed 35968K, reserved 393216K
  class space    used 4856K, committed 5184K, reserved 327680K
}
Event: 5.915 GC heap before
{Heap before GC invocations=9 (full 0):
 garbage-first heap   total 71680K, used 57551K [0x00000000a0000000, 0x0000000100000000)
  region size 1024K, 34 young (34816K), 2 survivors (2048K)
 Metaspace       used 42379K, committed 43264K, reserved 393216K
  class space    used 5717K, committed 6144K, reserved 327680K
}
Event: 5.918 GC heap after
{Heap after GC invocations=10 (full 0):
 garbage-first heap   total 71680K, used 29402K [0x00000000a0000000, 0x0000000100000000)
  region size 1024K, 5 young (5120K), 5 survivors (5120K)
 Metaspace       used 42379K, committed 43264K, reserved 393216K
  class space    used 5717K, committed 6144K, reserved 327680K
}
Event: 6.317 GC heap before
{Heap before GC invocations=10 (full 0):
 garbage-first heap   total 71680K, used 60122K [0x00000000a0000000, 0x0000000100000000)
  region size 1024K, 35 young (35840K), 5 survivors (5120K)
 Metaspace       used 44445K, committed 45312K, reserved 393216K
  class space    used 6047K, committed 6464K, reserved 327680K
}
Event: 6.322 GC heap after
{Heap after GC invocations=11 (full 0):
 garbage-first heap   total 71680K, used 31862K [0x00000000a0000000, 0x0000000100000000)
  region size 1024K, 3 young (3072K), 3 survivors (3072K)
 Metaspace       used 44445K, committed 45312K, reserved 393216K
  class space    used 6047K, committed 6464K, reserved 327680K
}
Event: 6.482 GC heap before
{Heap before GC invocations=11 (full 0):
 garbage-first heap   total 71680K, used 46198K [0x00000000a0000000, 0x0000000100000000)
  region size 1024K, 15 young (15360K), 3 survivors (3072K)
 Metaspace       used 45584K, committed 46528K, reserved 393216K
  class space    used 6236K, committed 6656K, reserved 327680K
}
Event: 6.484 GC heap after
{Heap after GC invocations=12 (full 0):
 garbage-first heap   total 71680K, used 34969K [0x00000000a0000000, 0x0000000100000000)
  region size 1024K, 2 young (2048K), 2 survivors (2048K)
 Metaspace       used 45584K, committed 46528K, reserved 393216K
  class space    used 6236K, committed 6656K, reserved 327680K
}
Event: 7.239 GC heap before
{Heap before GC invocations=13 (full 0):
 garbage-first heap   total 71680K, used 64665K [0x00000000a0000000, 0x0000000100000000)
  region size 1024K, 29 young (29696K), 2 survivors (2048K)
 Metaspace       used 49250K, committed 50304K, reserved 393216K
  class space    used 6722K, committed 7232K, reserved 327680K
}
Event: 7.242 GC heap after
{Heap after GC invocations=14 (full 0):
 garbage-first heap   total 86016K, used 35355K [0x00000000a0000000, 0x0000000100000000)
  region size 1024K, 4 young (4096K), 4 survivors (4096K)
 Metaspace       used 49250K, committed 50304K, reserved 393216K
  class space    used 6722K, committed 7232K, reserved 327680K
}

