# JRE version: OpenJDK Runtime Environment (21.0.8) (build 21.0.8+-14196175-b1038.72)
# Java VM: OpenJDK 64-Bit Server VM (21.0.8+-14196175-b1038.72, mixed mode, emulated-client, tiered, compressed oops, compressed class ptrs, g1 gc, windows-amd64)
GC Precious Log:
 CardTable entry size: 512
 Card Set container configuration: InlinePtr #cards 5 size 8 Array Of Cards #cards 12 size 40 Howl #buckets 4 coarsen threshold 1843 Howl Bitmap #cards 512 size 80 coarsen threshold 460 Card regions per heap region 1 cards per card region 2048
 CPUs: 12 total, 12 available
 Memory: 7381M
 Large Page Support: Disabled
 NUMA Support: Disabled
 Compressed Oops: Enabled (32-bit)
 Heap Region Size: 1M
 Heap Min Capacity: 8M
 Heap Initial Capacity: 116M
 Heap Max Capacity: 896M
 Pre-touch: Disabled
 Parallel Workers: 10
 Concurrent Workers: 3
 Concurrent Refinement Workers: 10
 Periodic GC: Disabled
Heap:
 garbage-first heap   total 225280K, used 152028K [0x0000000080000000, 0x00000000b8000000)
  region size 1024K, 16 young (16384K), 10 survivors (10240K)
 Metaspace       used 130095K, committed 132608K, reserved 393216K
  class space    used 19551K, committed 20736K, reserved 262144K
GC Heap History (20 events):
Event: 34.717 GC heap before
{Heap before GC invocations=56 (full 0):
 garbage-first heap   total 188416K, used 157190K [0x0000000080000000, 0x00000000b8000000)
  region size 1024K, 42 young (43008K), 3 survivors (3072K)
 Metaspace       used 104224K, committed 106560K, reserved 393216K
  class space    used 15538K, committed 16640K, reserved 262144K
}
Event: 34.721 GC heap after
{Heap after GC invocations=57 (full 0):
 garbage-first heap   total 188416K, used 117816K [0x0000000080000000, 0x00000000b8000000)
  region size 1024K, 6 young (6144K), 6 survivors (6144K)
 Metaspace       used 104224K, committed 106560K, reserved 393216K
  class space    used 15538K, committed 16640K, reserved 262144K
}
Event: 35.559 GC heap before
{Heap before GC invocations=57 (full 0):
 garbage-first heap   total 188416K, used 174136K [0x0000000080000000, 0x00000000b8000000)
  region size 1024K, 58 young (59392K), 6 survivors (6144K)
 Metaspace       used 107462K, committed 109760K, reserved 393216K
  class space    used 15984K, committed 17088K, reserved 262144K
}
Event: 35.568 GC heap after
{Heap after GC invocations=58 (full 0):
 garbage-first heap   total 188416K, used 122989K [0x0000000080000000, 0x00000000b8000000)
  region size 1024K, 7 young (7168K), 7 survivors (7168K)
 Metaspace       used 107462K, committed 109760K, reserved 393216K
  class space    used 15984K, committed 17088K, reserved 262144K
}
Event: 36.490 GC heap before
{Heap before GC invocations=58 (full 0):
 garbage-first heap   total 188416K, used 170093K [0x0000000080000000, 0x00000000b8000000)
  region size 1024K, 53 young (54272K), 7 survivors (7168K)
 Metaspace       used 110632K, committed 112960K, reserved 393216K
  class space    used 16423K, committed 17536K, reserved 262144K
}
Event: 36.498 GC heap after
{Heap after GC invocations=59 (full 0):
 garbage-first heap   total 188416K, used 123905K [0x0000000080000000, 0x00000000b8000000)
  region size 1024K, 4 young (4096K), 4 survivors (4096K)
 Metaspace       used 110632K, committed 112960K, reserved 393216K
  class space    used 16423K, committed 17536K, reserved 262144K
}
Event: 38.893 GC heap before
{Heap before GC invocations=60 (full 0):
 garbage-first heap   total 208896K, used 172033K [0x0000000080000000, 0x00000000b8000000)
  region size 1024K, 51 young (52224K), 4 survivors (4096K)
 Metaspace       used 112572K, committed 114944K, reserved 393216K
  class space    used 16765K, committed 17856K, reserved 262144K
}
Event: 38.898 GC heap after
{Heap after GC invocations=61 (full 0):
 garbage-first heap   total 208896K, used 127258K [0x0000000080000000, 0x00000000b8000000)
  region size 1024K, 7 young (7168K), 7 survivors (7168K)
 Metaspace       used 112572K, committed 114944K, reserved 393216K
  class space    used 16765K, committed 17856K, reserved 262144K
}
Event: 39.865 GC heap before
{Heap before GC invocations=61 (full 0):
 garbage-first heap   total 208896K, used 189722K [0x0000000080000000, 0x00000000b8000000)
  region size 1024K, 68 young (69632K), 7 survivors (7168K)
 Metaspace       used 113674K, committed 116032K, reserved 393216K
  class space    used 16936K, committed 18048K, reserved 262144K
}
Event: 39.873 GC heap after
{Heap after GC invocations=62 (full 0):
 garbage-first heap   total 208896K, used 131067K [0x0000000080000000, 0x00000000b8000000)
  region size 1024K, 9 young (9216K), 9 survivors (9216K)
 Metaspace       used 113674K, committed 116032K, reserved 393216K
  class space    used 16936K, committed 18048K, reserved 262144K
}
Event: 41.309 GC heap before
{Heap before GC invocations=62 (full 0):
 garbage-first heap   total 208896K, used 187387K [0x0000000080000000, 0x00000000b8000000)
  region size 1024K, 64 young (65536K), 9 survivors (9216K)
 Metaspace       used 117014K, committed 119424K, reserved 393216K
  class space    used 17412K, committed 18560K, reserved 262144K
}
Event: 41.326 GC heap after
{Heap after GC invocations=63 (full 0):
 garbage-first heap   total 208896K, used 133292K [0x0000000080000000, 0x00000000b8000000)
  region size 1024K, 8 young (8192K), 8 survivors (8192K)
 Metaspace       used 117014K, committed 119424K, reserved 393216K
  class space    used 17412K, committed 18560K, reserved 262144K
}
Event: 42.813 GC heap before
{Heap before GC invocations=63 (full 0):
 garbage-first heap   total 208896K, used 188588K [0x0000000080000000, 0x00000000b8000000)
  region size 1024K, 62 young (63488K), 8 survivors (8192K)
 Metaspace       used 120258K, committed 122688K, reserved 393216K
  class space    used 18033K, committed 19200K, reserved 262144K
}
Event: 42.820 GC heap after
{Heap after GC invocations=64 (full 0):
 garbage-first heap   total 208896K, used 134277K [0x0000000080000000, 0x00000000b8000000)
  region size 1024K, 5 young (5120K), 5 survivors (5120K)
 Metaspace       used 120258K, committed 122688K, reserved 393216K
  class space    used 18033K, committed 19200K, reserved 262144K
}
Event: 44.045 GC heap before
{Heap before GC invocations=65 (full 0):
 garbage-first heap   total 225280K, used 191621K [0x0000000080000000, 0x00000000b8000000)
  region size 1024K, 61 young (62464K), 5 survivors (5120K)
 Metaspace       used 123059K, committed 125504K, reserved 393216K
  class space    used 18494K, committed 19648K, reserved 262144K
}
Event: 44.050 GC heap after
{Heap after GC invocations=66 (full 0):
 garbage-first heap   total 225280K, used 136650K [0x0000000080000000, 0x00000000b8000000)
  region size 1024K, 7 young (7168K), 7 survivors (7168K)
 Metaspace       used 123059K, committed 125504K, reserved 393216K
  class space    used 18494K, committed 19648K, reserved 262144K
}
Event: 45.331 GC heap before
{Heap before GC invocations=66 (full 0):
 garbage-first heap   total 225280K, used 206282K [0x0000000080000000, 0x00000000b8000000)
  region size 1024K, 75 young (76800K), 7 survivors (7168K)
 Metaspace       used 127176K, committed 129600K, reserved 393216K
  class space    used 19156K, committed 20288K, reserved 262144K
}
Event: 45.342 GC heap after
{Heap after GC invocations=67 (full 0):
 garbage-first heap   total 225280K, used 139176K [0x0000000080000000, 0x00000000b8000000)
  region size 1024K, 8 young (8192K), 8 survivors (8192K)
 Metaspace       used 127176K, committed 129600K, reserved 393216K
  class space    used 19156K, committed 20288K, reserved 262144K
}
Event: 46.402 GC heap before
{Heap before GC invocations=67 (full 0):
 garbage-first heap   total 225280K, used 205736K [0x0000000080000000, 0x00000000b8000000)
  region size 1024K, 73 young (74752K), 8 survivors (8192K)
 Metaspace       used 129789K, committed 132288K, reserved 393216K
  class space    used 19507K, committed 20672K, reserved 262144K
}
Event: 46.414 GC heap after
{Heap after GC invocations=68 (full 0):
 garbage-first heap   total 225280K, used 146908K [0x0000000080000000, 0x00000000b8000000)
  region size 1024K, 10 young (10240K), 10 survivors (10240K)
 Metaspace       used 129789K, committed 132288K, reserved 393216K
  class space    used 19507K, committed 20672K, reserved 262144K
}

