# JRE version: OpenJDK Runtime Environment (21.0.8) (build 21.0.8+-14196175-b1038.72)
# Java VM: OpenJDK 64-Bit Server VM (21.0.8+-14196175-b1038.72, mixed mode, tiered, compressed oops, compressed class ptrs, g1 gc, windows-amd64)
GC Precious Log:
 CardTable entry size: 512
 Card Set container configuration: InlinePtr #cards 5 size 8 Array Of Cards #cards 12 size 40 Howl #buckets 4 coarsen threshold 1843 Howl Bitmap #cards 512 size 80 coarsen threshold 460 Card regions per heap region 1 cards per card region 2048
 CPUs: 12 total, 12 available
 Memory: 7381M
 Large Page Support: Disabled
 NUMA Support: Disabled
 Compressed Oops: Enabled (32-bit)
 Heap Region Size: 1M
 Heap Min Capacity: 8M
 Heap Initial Capacity: 116M
 Heap Max Capacity: 256M
 Pre-touch: Disabled
 Parallel Workers: 10
 Concurrent Workers: 3
 Concurrent Refinement Workers: 10
 Periodic GC: Disabled
Heap:
 garbage-first heap   total 80896K, used 60746K [0x00000000f0000000, 0x0000000100000000)
  region size 1024K, 6 young (6144K), 1 survivors (1024K)
 Metaspace       used 74183K, committed 75904K, reserved 180224K
  class space    used 10441K, committed 11264K, reserved 114688K
GC Heap History (20 events):
Event: 10.817 GC heap before
{Heap before GC invocations=18 (full 0):
 garbage-first heap   total 71680K, used 64582K [0x00000000f0000000, 0x0000000100000000)
  region size 1024K, 30 young (30720K), 2 survivors (2048K)
 Metaspace       used 56950K, committed 58368K, reserved 180224K
  class space    used 7891K, committed 8576K, reserved 114688K
}
Event: 10.821 GC heap after
{Heap after GC invocations=19 (full 0):
 garbage-first heap   total 71680K, used 36962K [0x00000000f0000000, 0x0000000100000000)
  region size 1024K, 4 young (4096K), 4 survivors (4096K)
 Metaspace       used 56950K, committed 58368K, reserved 180224K
  class space    used 7891K, committed 8576K, reserved 114688K
}
Event: 13.761 GC heap before
{Heap before GC invocations=19 (full 0):
 garbage-first heap   total 71680K, used 60514K [0x00000000f0000000, 0x0000000100000000)
  region size 1024K, 28 young (28672K), 4 survivors (4096K)
 Metaspace       used 59727K, committed 61184K, reserved 180224K
  class space    used 8344K, committed 9024K, reserved 114688K
}
Event: 13.765 GC heap after
{Heap after GC invocations=20 (full 0):
 garbage-first heap   total 71680K, used 38033K [0x00000000f0000000, 0x0000000100000000)
  region size 1024K, 3 young (3072K), 3 survivors (3072K)
 Metaspace       used 59727K, committed 61184K, reserved 180224K
  class space    used 8344K, committed 9024K, reserved 114688K
}
Event: 14.163 GC heap before
{Heap before GC invocations=21 (full 0):
 garbage-first heap   total 71680K, used 62609K [0x00000000f0000000, 0x0000000100000000)
  region size 1024K, 28 young (28672K), 3 survivors (3072K)
 Metaspace       used 62353K, committed 63936K, reserved 180224K
  class space    used 8751K, committed 9536K, reserved 114688K
}
Event: 14.166 GC heap after
{Heap after GC invocations=22 (full 0):
 garbage-first heap   total 71680K, used 38824K [0x00000000f0000000, 0x0000000100000000)
  region size 1024K, 2 young (2048K), 2 survivors (2048K)
 Metaspace       used 62353K, committed 63936K, reserved 180224K
  class space    used 8751K, committed 9536K, reserved 114688K
}
Event: 14.493 GC heap before
{Heap before GC invocations=22 (full 0):
 garbage-first heap   total 71680K, used 64424K [0x00000000f0000000, 0x0000000100000000)
  region size 1024K, 28 young (28672K), 2 survivors (2048K)
 Metaspace       used 64720K, committed 66240K, reserved 180224K
  class space    used 9073K, committed 9792K, reserved 114688K
}
Event: 14.497 GC heap after
{Heap after GC invocations=23 (full 0):
 garbage-first heap   total 71680K, used 40057K [0x00000000f0000000, 0x0000000100000000)
  region size 1024K, 4 young (4096K), 4 survivors (4096K)
 Metaspace       used 64720K, committed 66240K, reserved 180224K
  class space    used 9073K, committed 9792K, reserved 114688K
}
Event: 14.699 GC heap before
{Heap before GC invocations=23 (full 0):
 garbage-first heap   total 71680K, used 62585K [0x00000000f0000000, 0x0000000100000000)
  region size 1024K, 26 young (26624K), 4 survivors (4096K)
 Metaspace       used 65964K, committed 67584K, reserved 180224K
  class space    used 9268K, committed 10048K, reserved 114688K
}
Event: 14.703 GC heap after
{Heap after GC invocations=24 (full 0):
 garbage-first heap   total 71680K, used 41212K [0x00000000f0000000, 0x0000000100000000)
  region size 1024K, 3 young (3072K), 3 survivors (3072K)
 Metaspace       used 65964K, committed 67584K, reserved 180224K
  class space    used 9268K, committed 10048K, reserved 114688K
}
Event: 15.074 GC heap before
{Heap before GC invocations=25 (full 0):
 garbage-first heap   total 71680K, used 63740K [0x00000000f0000000, 0x0000000100000000)
  region size 1024K, 25 young (25600K), 3 survivors (3072K)
 Metaspace       used 68535K, committed 70208K, reserved 180224K
  class space    used 9698K, committed 10496K, reserved 114688K
}
Event: 15.077 GC heap after
{Heap after GC invocations=26 (full 0):
 garbage-first heap   total 71680K, used 42991K [0x00000000f0000000, 0x0000000100000000)
  region size 1024K, 3 young (3072K), 3 survivors (3072K)
 Metaspace       used 68535K, committed 70208K, reserved 180224K
  class space    used 9698K, committed 10496K, reserved 114688K
}
Event: 15.648 GC heap before
{Heap before GC invocations=26 (full 0):
 garbage-first heap   total 71680K, used 63471K [0x00000000f0000000, 0x0000000100000000)
  region size 1024K, 23 young (23552K), 3 survivors (3072K)
 Metaspace       used 70155K, committed 71808K, reserved 180224K
  class space    used 9943K, committed 10752K, reserved 114688K
}
Event: 15.654 GC heap after
{Heap after GC invocations=27 (full 0):
 garbage-first heap   total 71680K, used 45727K [0x00000000f0000000, 0x0000000100000000)
  region size 1024K, 3 young (3072K), 3 survivors (3072K)
 Metaspace       used 70155K, committed 71808K, reserved 180224K
  class space    used 9943K, committed 10752K, reserved 114688K
}
Event: 16.098 GC heap before
{Heap before GC invocations=27 (full 0):
 garbage-first heap   total 71680K, used 63135K [0x00000000f0000000, 0x0000000100000000)
  region size 1024K, 21 young (21504K), 3 survivors (3072K)
 Metaspace       used 70411K, committed 72128K, reserved 180224K
  class space    used 9943K, committed 10752K, reserved 114688K
}
Event: 16.101 GC heap after
{Heap after GC invocations=28 (full 0):
 garbage-first heap   total 71680K, used 47860K [0x00000000f0000000, 0x0000000100000000)
  region size 1024K, 3 young (3072K), 3 survivors (3072K)
 Metaspace       used 70411K, committed 72128K, reserved 180224K
  class space    used 9943K, committed 10752K, reserved 114688K
}
Event: 16.440 GC heap before
{Heap before GC invocations=29 (full 0):
 garbage-first heap   total 80896K, used 69364K [0x00000000f0000000, 0x0000000100000000)
  region size 1024K, 18 young (18432K), 3 survivors (3072K)
 Metaspace       used 71498K, committed 73216K, reserved 180224K
  class space    used 10097K, committed 10880K, reserved 114688K
}
Event: 16.443 GC heap after
{Heap after GC invocations=30 (full 0):
 garbage-first heap   total 80896K, used 56079K [0x00000000f0000000, 0x0000000100000000)
  region size 1024K, 3 young (3072K), 3 survivors (3072K)
 Metaspace       used 71498K, committed 73216K, reserved 180224K
  class space    used 10097K, committed 10880K, reserved 114688K
}
Event: 16.755 GC heap before
{Heap before GC invocations=30 (full 0):
 garbage-first heap   total 80896K, used 71439K [0x00000000f0000000, 0x0000000100000000)
  region size 1024K, 19 young (19456K), 3 survivors (3072K)
 Metaspace       used 73721K, committed 75392K, reserved 180224K
  class space    used 10369K, committed 11136K, reserved 114688K
}
Event: 16.757 GC heap after
{Heap after GC invocations=31 (full 0):
 garbage-first heap   total 80896K, used 56650K [0x00000000f0000000, 0x0000000100000000)
  region size 1024K, 1 young (1024K), 1 survivors (1024K)
 Metaspace       used 73721K, committed 75392K, reserved 180224K
  class space    used 10369K, committed 11136K, reserved 114688K
}

